<?xml version="1.0" encoding="UTF-8"?>
<testng-results skipped="0" failed="0" total="1" passed="1">
  <reporter-output>
  </reporter-output>
  <suite name="Suite" duration-ms="31" started-at="2022-03-06T16:16:28Z" finished-at="2022-03-06T16:16:28Z">
    <groups>
    </groups>
    <test name="Test" duration-ms="31" started-at="2022-03-06T16:16:28Z" finished-at="2022-03-06T16:16:28Z">
      <class name="pkg1.ClassA">
        <test-method status="PASS" signature="method1()[pri:0, instance:pkg1.ClassA@2c34f934]" name="method1" duration-ms="16" started-at="2022-03-06T21:46:28Z" finished-at="2022-03-06T21:46:28Z">
          <reporter-output>
          </reporter-output>
        </test-method> <!-- method1 -->
      </class> <!-- pkg1.ClassA -->
    </test> <!-- Test -->
  </suite> <!-- Suite -->
</testng-results>
